1 - Tue Dec 24 11:20:10 2024 - Test server is started
0 - Tue Dec 24 11:20:10 2024 - Data file opened.
2 - Tue Dec 24 11:20:10 2024 - Waiting for threads to join
3 - Tue Dec 24 11:20:12 2024 - Incomming client connection
4 - Tue Dec 24 11:20:12 2024 - Incomming client connection succeeded
5 - Tue Dec 24 11:20:13 2024 - Incomming client connection
6 - Tue Dec 24 11:20:13 2024 - Incomming client connection succeeded
7 - Tue Dec 24 11:20:17 2024 - Incomming client connection
8 - Tue Dec 24 11:20:17 2024 - Incomming client connection succeeded
9 - Tue Dec 24 11:20:19 2024 - Rejecting excess client connection
10 - Tue Dec 24 11:20:19 2024 - Closed excess client socket
11 - Tue Dec 24 11:20:21 2024 - Rejecting excess client connection
12 - Tue Dec 24 11:20:21 2024 - Closed excess client socket
13 - Tue Dec 24 11:20:23 2024 - Rejecting excess client connection
14 - Tue Dec 24 11:20:23 2024 - Closed excess client socket
15 - Tue Dec 24 11:20:23 2024 - Peer has closed connection
16 - Tue Dec 24 11:20:23 2024 - Peer has closed connection
17 - Tue Dec 24 11:20:23 2024 - Peer has closed connection
18 - Tue Dec 24 11:20:23 2024 - Thred recieved exit signal
19 - Tue Dec 24 11:20:23 2024 - Test server is shutting down
20 - Tue Dec 24 11:20:23 2024 - DB Closed Successfully
21 - Tue Dec 24 11:20:23 2024 - Threads joined
22 - Tue Dec 24 11:20:23 2024 - Data file closed
23 - Tue Dec 24 11:20:23 2024 - ending log process
0 - Tue Dec 24 11:25:40 2024 - Port and Connections defined
1 - Tue Dec 24 11:25:40 2024 - Test server is started
2 - Tue Dec 24 11:25:40 2024 - Data file opened.
3 - Tue Dec 24 11:25:40 2024 - Waiting for threads to join
4 - Tue Dec 24 11:25:42 2024 - Incomming client connection
5 - Tue Dec 24 11:25:42 2024 - Incomming client connection succeeded
6 - Tue Dec 24 11:25:43 2024 - Incomming client connection
7 - Tue Dec 24 11:25:43 2024 - Incomming client connection succeeded
8 - Tue Dec 24 11:25:47 2024 - Incomming client connection
9 - Tue Dec 24 11:25:47 2024 - Incomming client connection succeeded
10 - Tue Dec 24 11:25:49 2024 - Rejecting excess client connection
11 - Tue Dec 24 11:25:49 2024 - Closed excess client socket
12 - Tue Dec 24 11:25:51 2024 - Rejecting excess client connection
13 - Tue Dec 24 11:25:51 2024 - Closed excess client socket
14 - Tue Dec 24 11:25:53 2024 - Rejecting excess client connection
15 - Tue Dec 24 11:25:53 2024 - Closed excess client socket
16 - Tue Dec 24 11:25:53 2024 - Peer has closed connection
17 - Tue Dec 24 11:25:53 2024 - Peer has closed connection
18 - Tue Dec 24 11:25:53 2024 - Peer has closed connection
19 - Tue Dec 24 11:25:53 2024 - Thred recieved exit signal
20 - Tue Dec 24 11:25:53 2024 - Test server is shutting down
21 - Tue Dec 24 11:25:53 2024 - DB Closed Successfully
22 - Tue Dec 24 11:25:53 2024 - Threads joined
23 - Tue Dec 24 11:25:53 2024 - Data file closed
24 - Tue Dec 24 11:25:53 2024 - ending log process
0 - Thu Dec 26 11:27:02 2024 - Port and Connections defined
1 - Thu Dec 26 11:27:02 2024 - Test server is started
2 - Thu Dec 26 11:27:02 2024 - Waiting for threads to join
3 - Thu Dec 26 11:27:02 2024 - Data file opened.
4 - Thu Dec 26 11:27:04 2024 - Incomming client connection
5 - Thu Dec 26 11:27:04 2024 - Incomming client connection succeeded
6 - Thu Dec 26 11:27:05 2024 - Incomming client connection
7 - Thu Dec 26 11:27:05 2024 - Incomming client connection succeeded
8 - Thu Dec 26 11:27:09 2024 - Incomming client connection
9 - Thu Dec 26 11:27:09 2024 - Incomming client connection succeeded
10 - Thu Dec 26 11:27:11 2024 - Rejecting excess client connection
11 - Thu Dec 26 11:27:11 2024 - Closed excess client socket
12 - Thu Dec 26 11:27:13 2024 - Rejecting excess client connection
13 - Thu Dec 26 11:27:13 2024 - Closed excess client socket
14 - Thu Dec 26 11:27:15 2024 - Rejecting excess client connection
15 - Thu Dec 26 11:27:15 2024 - Closed excess client socket
16 - Thu Dec 26 11:27:15 2024 - Peer has closed connection
17 - Thu Dec 26 11:27:15 2024 - Peer has closed connection
18 - Thu Dec 26 11:27:15 2024 - Peer has closed connection
19 - Thu Dec 26 11:27:15 2024 - Thred recieved exit signal
20 - Thu Dec 26 11:27:15 2024 - Test server is shutting down
21 - Thu Dec 26 11:27:15 2024 - DB Closed Successfully
22 - Thu Dec 26 11:27:15 2024 - Threads joined
23 - Thu Dec 26 11:27:15 2024 - Data file closed
24 - Thu Dec 26 11:27:15 2024 - ending log process
0 - Thu Dec 26 11:28:49 2024 - Port and Connections defined
1 - Thu Dec 26 11:28:50 2024 - Waiting for threads to join
2 - Thu Dec 26 11:28:50 2024 - Test server is started
3 - Thu Dec 26 11:28:50 2024 - Data file opened.
4 - Thu Dec 26 11:28:51 2024 - Incomming client connection
5 - Thu Dec 26 11:28:51 2024 - Incomming client connection succeeded
6 - Thu Dec 26 11:28:52 2024 - Incomming client connection
7 - Thu Dec 26 11:28:53 2024 - Incomming client connection succeeded
8 - Thu Dec 26 11:28:57 2024 - Incomming client connection
9 - Thu Dec 26 11:28:57 2024 - Incomming client connection succeeded
10 - Thu Dec 26 11:28:59 2024 - Rejecting excess client connection
11 - Thu Dec 26 11:28:59 2024 - Closed excess client socket
12 - Thu Dec 26 11:29:01 2024 - Rejecting excess client connection
13 - Thu Dec 26 11:29:01 2024 - Closed excess client socket
14 - Thu Dec 26 11:29:03 2024 - Rejecting excess client connection
15 - Thu Dec 26 11:29:03 2024 - Closed excess client socket
16 - Thu Dec 26 11:29:03 2024 - Peer has closed connection
17 - Thu Dec 26 11:29:03 2024 - Peer has closed connection
18 - Thu Dec 26 11:29:03 2024 - Peer has closed connection
19 - Thu Dec 26 11:29:03 2024 - Excess client handler terminating
20 - Thu Dec 26 11:29:03 2024 - Test server is shutting down
21 - Thu Dec 26 11:29:03 2024 - DB Closed Successfully
22 - Thu Dec 26 11:29:03 2024 - Threads joined
23 - Thu Dec 26 11:29:03 2024 - Data file closed
24 - Thu Dec 26 11:29:03 2024 - ending log process
0 - Thu Dec 26 11:30:09 2024 - Port and Connections defined
2 - Thu Dec 26 11:30:09 2024 - Test server is started
1 - Thu Dec 26 11:30:09 2024 - Data file opened.
3 - Thu Dec 26 11:30:11 2024 - Incomming client connection
4 - Thu Dec 26 11:30:11 2024 - Incomming client connection succeeded
5 - Thu Dec 26 11:30:12 2024 - Incomming client connection
6 - Thu Dec 26 11:30:12 2024 - Incomming client connection succeeded
7 - Thu Dec 26 11:30:16 2024 - Incomming client connection
8 - Thu Dec 26 11:30:16 2024 - Incomming client connection succeeded
9 - Thu Dec 26 11:30:18 2024 - Rejecting excess client connection
10 - Thu Dec 26 11:30:18 2024 - Closed excess client socket
11 - Thu Dec 26 11:30:20 2024 - Rejecting excess client connection
12 - Thu Dec 26 11:30:20 2024 - Closed excess client socket
13 - Thu Dec 26 11:30:22 2024 - Rejecting excess client connection
14 - Thu Dec 26 11:30:22 2024 - Closed excess client socket
15 - Thu Dec 26 11:30:22 2024 - Peer has closed connection
16 - Thu Dec 26 11:30:22 2024 - Peer has closed connection
17 - Thu Dec 26 11:30:22 2024 - Peer has closed connection
18 - Thu Dec 26 11:30:22 2024 - Thred recieved exit signal
19 - Thu Dec 26 11:30:22 2024 - Test server is shutting down
20 - Thu Dec 26 11:30:22 2024 - Waiting for threads to join
0 - Thu Dec 26 11:42:33 2024 - Port and Connections defined
2 - Thu Dec 26 11:42:33 2024 - Test server is started
1 - Thu Dec 26 11:42:33 2024 - Data file opened.
3 - Thu Dec 26 11:42:35 2024 - Incomming client connection
4 - Thu Dec 26 11:42:35 2024 - Incomming client connection succeeded
5 - Thu Dec 26 11:42:36 2024 - Incomming client connection
6 - Thu Dec 26 11:42:36 2024 - Incomming client connection succeeded
7 - Thu Dec 26 11:42:40 2024 - Incomming client connection
8 - Thu Dec 26 11:42:40 2024 - Incomming client connection succeeded
9 - Thu Dec 26 11:42:42 2024 - Rejecting excess client connection
10 - Thu Dec 26 11:42:42 2024 - Closed excess client socket
11 - Thu Dec 26 11:42:44 2024 - Rejecting excess client connection
12 - Thu Dec 26 11:42:44 2024 - Closed excess client socket
13 - Thu Dec 26 11:42:46 2024 - Rejecting excess client connection
14 - Thu Dec 26 11:42:46 2024 - Closed excess client socket
15 - Thu Dec 26 11:42:46 2024 - Peer has closed connection
16 - Thu Dec 26 11:42:46 2024 - Peer has closed connection
17 - Thu Dec 26 11:42:46 2024 - Peer has closed connection
18 - Thu Dec 26 11:42:46 2024 - Thred recieved exit signal
19 - Thu Dec 26 11:42:46 2024 - Test server is shutting down
20 - Thu Dec 26 11:42:46 2024 - DB Closed Successfully
0 - Thu Dec 26 11:50:08 2024 - Port and Connections defined
1 - Thu Dec 26 11:50:08 2024 - Data file opened.
2 - Thu Dec 26 11:50:08 2024 - Test server is started
3 - Thu Dec 26 11:50:10 2024 - Incomming client connection
4 - Thu Dec 26 11:50:10 2024 - Incomming client connection succeeded
5 - Thu Dec 26 11:50:11 2024 - Incomming client connection
6 - Thu Dec 26 11:50:11 2024 - Incomming client connection succeeded
7 - Thu Dec 26 11:50:15 2024 - Incomming client connection
8 - Thu Dec 26 11:50:15 2024 - Incomming client connection succeeded
9 - Thu Dec 26 11:50:17 2024 - Rejecting excess client connection
10 - Thu Dec 26 11:50:17 2024 - Closed excess client socket
11 - Thu Dec 26 11:50:19 2024 - Rejecting excess client connection
12 - Thu Dec 26 11:50:19 2024 - Closed excess client socket
13 - Thu Dec 26 11:50:21 2024 - Rejecting excess client connection
14 - Thu Dec 26 11:50:21 2024 - Closed excess client socket
15 - Thu Dec 26 11:50:21 2024 - Peer has closed connection
16 - Thu Dec 26 11:50:21 2024 - Peer has closed connection
17 - Thu Dec 26 11:50:21 2024 - Peer has closed connection
18 - Thu Dec 26 11:50:21 2024 - Thred recieved exit signal
19 - Thu Dec 26 11:50:21 2024 - Test server is shutting down
20 - Thu Dec 26 11:50:21 2024 - Waiting for threads to join
0 - Thu Dec 26 11:56:42 2024 - Port and Connections defined
1 - Thu Dec 26 11:56:42 2024 - Data file opened.
2 - Thu Dec 26 11:56:42 2024 - Test server is started
3 - Thu Dec 26 11:56:45 2024 - Incomming client connection
4 - Thu Dec 26 11:56:45 2024 - Incomming client connection succeeded
5 - Thu Dec 26 11:56:46 2024 - Incomming client connection
6 - Thu Dec 26 11:56:46 2024 - Incomming client connection succeeded
7 - Thu Dec 26 11:56:50 2024 - Incomming client connection
8 - Thu Dec 26 11:56:50 2024 - Incomming client connection succeeded
9 - Thu Dec 26 11:56:52 2024 - Rejecting excess client connection
10 - Thu Dec 26 11:56:52 2024 - Closed excess client socket
11 - Thu Dec 26 11:56:54 2024 - Rejecting excess client connection
12 - Thu Dec 26 11:56:54 2024 - Closed excess client socket
13 - Thu Dec 26 11:56:56 2024 - Rejecting excess client connection
14 - Thu Dec 26 11:56:56 2024 - Closed excess client socket
16 - Thu Dec 26 11:56:56 2024 - Peer has closed connection
15 - Thu Dec 26 11:56:56 2024 - Peer has closed connection
17 - Thu Dec 26 11:56:56 2024 - Peer has closed connection
18 - Thu Dec 26 11:56:56 2024 - Thred recieved exit signal
19 - Thu Dec 26 11:56:56 2024 - Test server is shutting down
20 - Thu Dec 26 11:56:56 2024 - DB Closed Successfully
0 - Thu Dec 26 12:12:27 2024 - Port and Connections defined
1 - Thu Dec 26 12:12:27 2024 - Data file opened.
2 - Thu Dec 26 12:12:27 2024 - Test server is started
3 - Thu Dec 26 12:12:30 2024 - Incomming client connection
4 - Thu Dec 26 12:12:30 2024 - Incomming client connection succeeded
5 - Thu Dec 26 12:12:31 2024 - Incomming client connection
6 - Thu Dec 26 12:12:31 2024 - Incomming client connection succeeded
7 - Thu Dec 26 12:12:35 2024 - Incomming client connection
8 - Thu Dec 26 12:12:35 2024 - Incomming client connection succeeded
9 - Thu Dec 26 12:12:37 2024 - Rejecting excess client connection
10 - Thu Dec 26 12:12:37 2024 - Closed excess client socket
11 - Thu Dec 26 12:12:39 2024 - Rejecting excess client connection
12 - Thu Dec 26 12:12:39 2024 - Closed excess client socket
13 - Thu Dec 26 12:12:41 2024 - Rejecting excess client connection
14 - Thu Dec 26 12:12:41 2024 - Closed excess client socket
15 - Thu Dec 26 12:12:41 2024 - Peer has closed connection
16 - Thu Dec 26 12:12:41 2024 - Peer has closed connection
17 - Thu Dec 26 12:12:41 2024 - Peer has closed connection
18 - Thu Dec 26 12:12:41 2024 - Thred recieved exit signal
19 - Thu Dec 26 12:12:41 2024 - Test server is shutting down
20 - Thu Dec 26 12:12:41 2024 - DB Closed Successfully
0 - Thu Dec 26 12:28:33 2024 - Port and Connections defined
1 - Thu Dec 26 12:28:34 2024 - Data file opened.
2 - Thu Dec 26 12:28:34 2024 - Test server is started
3 - Thu Dec 26 12:28:36 2024 - Incomming client connection
4 - Thu Dec 26 12:28:36 2024 - Incomming client connection succeeded
5 - Thu Dec 26 12:28:37 2024 - Incomming client connection
6 - Thu Dec 26 12:28:37 2024 - Incomming client connection succeeded
7 - Thu Dec 26 12:28:41 2024 - Incomming client connection
8 - Thu Dec 26 12:28:41 2024 - Incomming client connection succeeded
9 - Thu Dec 26 12:28:43 2024 - Rejecting excess client connection
10 - Thu Dec 26 12:28:43 2024 - Closed excess client socket
11 - Thu Dec 26 12:28:45 2024 - Rejecting excess client connection
12 - Thu Dec 26 12:28:45 2024 - Closed excess client socket
13 - Thu Dec 26 12:28:47 2024 - Rejecting excess client connection
14 - Thu Dec 26 12:28:47 2024 - Closed excess client socket
15 - Thu Dec 26 12:28:47 2024 - Peer has closed connection
16 - Thu Dec 26 12:28:47 2024 - Peer has closed connection
17 - Thu Dec 26 12:28:47 2024 - Peer has closed connection
18 - Thu Dec 26 12:28:47 2024 - Thred recieved exit signal
19 - Thu Dec 26 12:28:47 2024 - Test server is shutting down
20 - Thu Dec 26 12:28:47 2024 - DB Closed Successfully
0 - Thu Dec 26 13:06:34 2024 - Port and Connections defined
1 - Thu Dec 26 13:06:34 2024 - Waiting for threads to join
2 - Thu Dec 26 13:06:34 2024 - Test server is started
3 - Thu Dec 26 13:06:34 2024 - Data file opened.
4 - Thu Dec 26 13:06:36 2024 - Incomming client connection
5 - Thu Dec 26 13:06:36 2024 - Incomming client connection succeeded
6 - Thu Dec 26 13:06:37 2024 - Incomming client connection
7 - Thu Dec 26 13:06:37 2024 - Incomming client connection succeeded
8 - Thu Dec 26 13:06:41 2024 - Incomming client connection
9 - Thu Dec 26 13:06:41 2024 - Incomming client connection succeeded
10 - Thu Dec 26 13:06:43 2024 - Rejecting excess client connection
11 - Thu Dec 26 13:06:43 2024 - Closed excess client socket
12 - Thu Dec 26 13:06:45 2024 - Rejecting excess client connection
13 - Thu Dec 26 13:06:45 2024 - Closed excess client socket
14 - Thu Dec 26 13:06:47 2024 - Rejecting excess client connection
15 - Thu Dec 26 13:06:47 2024 - Closed excess client socket
16 - Thu Dec 26 13:06:47 2024 - Peer has closed connection
17 - Thu Dec 26 13:06:47 2024 - Peer has closed connection
18 - Thu Dec 26 13:06:47 2024 - Peer has closed connection
19 - Thu Dec 26 13:06:47 2024 - Thred recieved exit signal
20 - Thu Dec 26 13:06:47 2024 - Test server is shutting down
21 - Thu Dec 26 13:06:47 2024 - DB Closed Successfully
22 - Thu Dec 26 13:06:47 2024 - Threads joined
23 - Thu Dec 26 13:06:47 2024 - Data file closed
24 - Thu Dec 26 13:06:47 2024 - ending log process
0 - Thu Dec 26 13:07:10 2024 - Port and Connections defined
1 - Thu Dec 26 13:07:10 2024 - Waiting for threads to join
2 - Thu Dec 26 13:07:10 2024 - Test server is started
3 - Thu Dec 26 13:07:10 2024 - Data file opened.
4 - Thu Dec 26 13:07:12 2024 - Incomming client connection
5 - Thu Dec 26 13:07:12 2024 - Incomming client connection succeeded
6 - Thu Dec 26 13:07:13 2024 - Incomming client connection
7 - Thu Dec 26 13:07:13 2024 - Incomming client connection succeeded
8 - Thu Dec 26 13:07:17 2024 - Incomming client connection
9 - Thu Dec 26 13:07:17 2024 - Incomming client connection succeeded
10 - Thu Dec 26 13:07:19 2024 - Rejecting excess client connection
11 - Thu Dec 26 13:07:19 2024 - Closed excess client socket
12 - Thu Dec 26 13:07:21 2024 - Rejecting excess client connection
13 - Thu Dec 26 13:07:21 2024 - Closed excess client socket
14 - Thu Dec 26 13:07:23 2024 - Rejecting excess client connection
15 - Thu Dec 26 13:07:23 2024 - Closed excess client socket
16 - Thu Dec 26 13:07:23 2024 - Peer has closed connection
17 - Thu Dec 26 13:07:23 2024 - Peer has closed connection
18 - Thu Dec 26 13:07:23 2024 - Peer has closed connection
19 - Thu Dec 26 13:07:23 2024 - Thred recieved exit signal
20 - Thu Dec 26 13:07:23 2024 - Test server is shutting down
21 - Thu Dec 26 13:07:23 2024 - DB Closed Successfully
22 - Thu Dec 26 13:07:23 2024 - Threads joined
23 - Thu Dec 26 13:07:24 2024 - Data file closed
24 - Thu Dec 26 13:07:24 2024 - ending log process
0 - Thu Dec 26 13:14:24 2024 - Port and Connections defined
1 - Thu Dec 26 13:14:24 2024 - Waiting for threads to join
2 - Thu Dec 26 13:14:24 2024 - Data file opened.
3 - Thu Dec 26 13:14:24 2024 - Test server is started
4 - Thu Dec 26 13:14:27 2024 - Incomming client connection
5 - Thu Dec 26 13:14:27 2024 - Incomming client connection succeeded
6 - Thu Dec 26 13:14:28 2024 - Incomming client connection
7 - Thu Dec 26 13:14:28 2024 - Incomming client connection succeeded
8 - Thu Dec 26 13:14:32 2024 - Incomming client connection
9 - Thu Dec 26 13:14:32 2024 - Incomming client connection succeeded
10 - Thu Dec 26 13:14:34 2024 - Rejecting excess client connection
11 - Thu Dec 26 13:14:34 2024 - Closed excess client socket
12 - Thu Dec 26 13:14:36 2024 - Rejecting excess client connection
13 - Thu Dec 26 13:14:36 2024 - Closed excess client socket
14 - Thu Dec 26 13:14:38 2024 - Rejecting excess client connection
15 - Thu Dec 26 13:14:38 2024 - Closed excess client socket
16 - Thu Dec 26 13:14:38 2024 - Peer has closed connection
17 - Thu Dec 26 13:14:38 2024 - Peer has closed connection
18 - Thu Dec 26 13:14:38 2024 - Peer has closed connection
19 - Thu Dec 26 13:14:38 2024 - Thred recieved exit signal
20 - Thu Dec 26 13:14:38 2024 - Test server is shutting down
21 - Thu Dec 26 13:14:38 2024 - DB Closed Successfully
22 - Thu Dec 26 13:14:38 2024 - Threads joined
23 - Thu Dec 26 13:14:38 2024 - Data file closed
24 - Thu Dec 26 13:14:38 2024 - ending log process
0 - Thu Dec 26 13:25:04 2024 - Port and Connections defined
1 - Thu Dec 26 13:25:04 2024 - Test server is started
2 - Thu Dec 26 13:25:04 2024 - Data file opened.
3 - Thu Dec 26 13:25:06 2024 - Incomming client connection
4 - Thu Dec 26 13:25:06 2024 - Incomming client connection succeeded
5 - Thu Dec 26 13:25:07 2024 - Incomming client connection
6 - Thu Dec 26 13:25:07 2024 - Incomming client connection succeeded
7 - Thu Dec 26 13:25:11 2024 - Incomming client connection
8 - Thu Dec 26 13:25:11 2024 - Incomming client connection succeeded
9 - Thu Dec 26 13:25:13 2024 - Rejecting excess client connection
10 - Thu Dec 26 13:25:13 2024 - Closed excess client socket
11 - Thu Dec 26 13:25:15 2024 - Rejecting excess client connection
12 - Thu Dec 26 13:25:15 2024 - Closed excess client socket
13 - Thu Dec 26 13:25:17 2024 - Rejecting excess client connection
14 - Thu Dec 26 13:25:17 2024 - Closed excess client socket
15 - Thu Dec 26 13:25:17 2024 - Peer has closed connection
16 - Thu Dec 26 13:25:17 2024 - Peer has closed connection
17 - Thu Dec 26 13:25:17 2024 - Peer has closed connection
18 - Thu Dec 26 13:25:17 2024 - Thred recieved exit signal
19 - Thu Dec 26 13:25:17 2024 - Test server is shutting down
20 - Thu Dec 26 13:25:17 2024 - Waiting for threads to join
0 - Thu Dec 26 13:26:19 2024 - Port and Connections defined
1 - Thu Dec 26 13:26:19 2024 - Test server is started
2 - Thu Dec 26 13:26:19 2024 - Data file opened.
3 - Thu Dec 26 13:26:22 2024 - Incomming client connection
4 - Thu Dec 26 13:26:22 2024 - Incomming client connection succeeded
5 - Thu Dec 26 13:26:23 2024 - Incomming client connection
6 - Thu Dec 26 13:26:23 2024 - Incomming client connection succeeded
7 - Thu Dec 26 13:26:27 2024 - Incomming client connection
8 - Thu Dec 26 13:26:27 2024 - Incomming client connection succeeded
9 - Thu Dec 26 13:26:29 2024 - Rejecting excess client connection
10 - Thu Dec 26 13:26:29 2024 - Closed excess client socket
11 - Thu Dec 26 13:26:31 2024 - Rejecting excess client connection
12 - Thu Dec 26 13:26:31 2024 - Closed excess client socket
13 - Thu Dec 26 13:26:33 2024 - Rejecting excess client connection
14 - Thu Dec 26 13:26:33 2024 - Closed excess client socket
15 - Thu Dec 26 13:26:33 2024 - Peer has closed connection
16 - Thu Dec 26 13:26:33 2024 - Peer has closed connection
17 - Thu Dec 26 13:26:33 2024 - Peer has closed connection
18 - Thu Dec 26 13:26:33 2024 - Thred recieved exit signal
19 - Thu Dec 26 13:26:33 2024 - Test server is shutting down
20 - Thu Dec 26 13:26:33 2024 - DB Closed Successfully
0 - Thu Dec 26 13:28:00 2024 - Port and Connections defined
1 - Thu Dec 26 13:28:01 2024 - Test server is started
2 - Thu Dec 26 13:28:01 2024 - Data file opened.
3 - Thu Dec 26 13:28:03 2024 - Incomming client connection
4 - Thu Dec 26 13:28:03 2024 - Incomming client connection succeeded
5 - Thu Dec 26 13:28:04 2024 - Incomming client connection
6 - Thu Dec 26 13:28:04 2024 - Incomming client connection succeeded
7 - Thu Dec 26 13:28:08 2024 - Incomming client connection
8 - Thu Dec 26 13:28:08 2024 - Incomming client connection succeeded
9 - Thu Dec 26 13:28:10 2024 - Rejecting excess client connection
10 - Thu Dec 26 13:28:10 2024 - Closed excess client socket
11 - Thu Dec 26 13:28:12 2024 - Rejecting excess client connection
12 - Thu Dec 26 13:28:12 2024 - Closed excess client socket
13 - Thu Dec 26 13:28:14 2024 - Rejecting excess client connection
14 - Thu Dec 26 13:28:14 2024 - Closed excess client socket
15 - Thu Dec 26 13:28:14 2024 - Peer has closed connection
16 - Thu Dec 26 13:28:14 2024 - Peer has closed connection
17 - Thu Dec 26 13:28:14 2024 - Peer has closed connection
18 - Thu Dec 26 13:28:14 2024 - Thred recieved exit signal
19 - Thu Dec 26 13:28:14 2024 - Test server is shutting down
20 - Thu Dec 26 13:28:14 2024 - DB Closed Successfully
21 - Thu Dec 26 13:28:14 2024 - Waiting for threads to join
0 - Thu Dec 26 13:28:39 2024 - Port and Connections defined
1 - Thu Dec 26 13:28:39 2024 - Data file opened.
2 - Thu Dec 26 13:28:39 2024 - Test server is started
0 - Thu Dec 26 13:28:41 2024 - Port and Connections defined
1 - Thu Dec 26 13:28:41 2024 - Test server is started
0 - Thu Dec 26 13:28:50 2024 - Port and Connections defined
1 - Thu Dec 26 13:28:50 2024 - Test server is started
2 - Thu Dec 26 13:28:50 2024 - Data file opened.
3 - Thu Dec 26 13:28:50 2024 - Incomming client connection
4 - Thu Dec 26 13:28:50 2024 - Incomming client connection succeeded
5 - Thu Dec 26 13:28:50 2024 - Incomming client connection
6 - Thu Dec 26 13:28:50 2024 - Incomming client connection succeeded
7 - Thu Dec 26 13:28:52 2024 - Incomming client connection
8 - Thu Dec 26 13:28:52 2024 - Incomming client connection succeeded
9 - Thu Dec 26 13:28:52 2024 - Peer has closed connection
10 - Thu Dec 26 13:28:52 2024 - Peer has closed connection
11 - Thu Dec 26 13:28:52 2024 - Peer has closed connection
0 - Thu Dec 26 13:29:10 2024 - Port and Connections defined
1 - Thu Dec 26 13:29:10 2024 - Test server is started
2 - Thu Dec 26 13:29:10 2024 - Data file opened.
3 - Thu Dec 26 13:29:13 2024 - Incomming client connection
4 - Thu Dec 26 13:29:13 2024 - Incomming client connection succeeded
5 - Thu Dec 26 13:29:14 2024 - Incomming client connection
6 - Thu Dec 26 13:29:14 2024 - Incomming client connection succeeded
7 - Thu Dec 26 13:29:18 2024 - Incomming client connection
8 - Thu Dec 26 13:29:18 2024 - Incomming client connection succeeded
9 - Thu Dec 26 13:29:20 2024 - Rejecting excess client connection
10 - Thu Dec 26 13:29:20 2024 - Closed excess client socket
11 - Thu Dec 26 13:29:22 2024 - Rejecting excess client connection
12 - Thu Dec 26 13:29:22 2024 - Closed excess client socket
13 - Thu Dec 26 13:29:24 2024 - Rejecting excess client connection
14 - Thu Dec 26 13:29:24 2024 - Closed excess client socket
15 - Thu Dec 26 13:29:24 2024 - Peer has closed connection
16 - Thu Dec 26 13:29:24 2024 - Peer has closed connection
17 - Thu Dec 26 13:29:24 2024 - Peer has closed connection
18 - Thu Dec 26 13:29:24 2024 - Thred recieved exit signal
19 - Thu Dec 26 13:29:24 2024 - Test server is shutting down
20 - Thu Dec 26 13:29:24 2024 - Waiting for threads to join
0 - Thu Dec 26 13:31:11 2024 - Port and Connections defined
1 - Thu Dec 26 13:31:11 2024 - Test server is started
2 - Thu Dec 26 13:31:11 2024 - Data file opened.
3 - Thu Dec 26 13:31:14 2024 - Incomming client connection
4 - Thu Dec 26 13:31:14 2024 - Incomming client connection succeeded
5 - Thu Dec 26 13:31:15 2024 - Incomming client connection
6 - Thu Dec 26 13:31:15 2024 - Incomming client connection succeeded
7 - Thu Dec 26 13:31:19 2024 - Incomming client connection
8 - Thu Dec 26 13:31:19 2024 - Incomming client connection succeeded
9 - Thu Dec 26 13:31:21 2024 - Rejecting excess client connection
10 - Thu Dec 26 13:31:21 2024 - Closed excess client socket
11 - Thu Dec 26 13:31:23 2024 - Rejecting excess client connection
12 - Thu Dec 26 13:31:23 2024 - Closed excess client socket
13 - Thu Dec 26 13:31:25 2024 - Rejecting excess client connection
14 - Thu Dec 26 13:31:25 2024 - Closed excess client socket
15 - Thu Dec 26 13:31:25 2024 - Peer has closed connection
16 - Thu Dec 26 13:31:25 2024 - Peer has closed connection
17 - Thu Dec 26 13:31:25 2024 - Peer has closed connection
18 - Thu Dec 26 13:31:25 2024 - Thred recieved exit signal
19 - Thu Dec 26 13:31:25 2024 - Test server is shutting down
20 - Thu Dec 26 13:31:25 2024 - Waiting for threads to join
0 - Thu Dec 26 13:34:16 2024 - Port and Connections defined
1 - Thu Dec 26 13:34:16 2024 - Test server is started
2 - Thu Dec 26 13:34:16 2024 - Data file opened.
3 - Thu Dec 26 13:34:19 2024 - Incomming client connection
4 - Thu Dec 26 13:34:19 2024 - Incomming client connection succeeded
5 - Thu Dec 26 13:34:20 2024 - Incomming client connection
6 - Thu Dec 26 13:34:20 2024 - Incomming client connection succeeded
7 - Thu Dec 26 13:34:24 2024 - Incomming client connection
8 - Thu Dec 26 13:34:24 2024 - Incomming client connection succeeded
9 - Thu Dec 26 13:34:26 2024 - Rejecting excess client connection
10 - Thu Dec 26 13:34:26 2024 - Closed excess client socket
11 - Thu Dec 26 13:34:28 2024 - Rejecting excess client connection
12 - Thu Dec 26 13:34:28 2024 - Closed excess client socket
13 - Thu Dec 26 13:34:30 2024 - Rejecting excess client connection
14 - Thu Dec 26 13:34:30 2024 - Closed excess client socket
15 - Thu Dec 26 13:34:30 2024 - Peer has closed connection
16 - Thu Dec 26 13:34:30 2024 - Peer has closed connection
17 - Thu Dec 26 13:34:30 2024 - Peer has closed connection
18 - Thu Dec 26 13:34:30 2024 - Thred recieved exit signal
19 - Thu Dec 26 13:34:30 2024 - Test server is shutting down
20 - Thu Dec 26 13:34:30 2024 - DB Closed Successfully
21 - Thu Dec 26 13:34:30 2024 - Waiting for threads to join
0 - Thu Dec 26 13:46:21 2024 - Port and Connections defined
1 - Thu Dec 26 13:46:21 2024 - Data file opened.
2 - Thu Dec 26 13:46:21 2024 - Test server is started
3 - Thu Dec 26 13:46:24 2024 - Incomming client connection
4 - Thu Dec 26 13:46:24 2024 - Incomming client connection succeeded
5 - Thu Dec 26 13:46:25 2024 - Incomming client connection
6 - Thu Dec 26 13:46:25 2024 - Incomming client connection succeeded
7 - Thu Dec 26 13:46:29 2024 - Incomming client connection
8 - Thu Dec 26 13:46:29 2024 - Incomming client connection succeeded
9 - Thu Dec 26 13:46:31 2024 - Rejecting excess client connection
10 - Thu Dec 26 13:46:31 2024 - Closed excess client socket
11 - Thu Dec 26 13:46:33 2024 - Rejecting excess client connection
12 - Thu Dec 26 13:46:33 2024 - Closed excess client socket
13 - Thu Dec 26 13:46:35 2024 - Rejecting excess client connection
14 - Thu Dec 26 13:46:35 2024 - Closed excess client socket
15 - Thu Dec 26 13:46:35 2024 - Peer has closed connection
16 - Thu Dec 26 13:46:35 2024 - Peer has closed connection
17 - Thu Dec 26 13:46:35 2024 - Peer has closed connection
18 - Thu Dec 26 13:46:35 2024 - Thred recieved exit signal
19 - Thu Dec 26 13:46:35 2024 - Test server is shutting down
0 - Thu Dec 26 13:51:14 2024 - Port and Connections defined
1 - Thu Dec 26 13:51:14 2024 - Test server is started
2 - Thu Dec 26 13:51:14 2024 - Data file opened.
3 - Thu Dec 26 13:51:16 2024 - Incomming client connection
4 - Thu Dec 26 13:51:16 2024 - Incomming client connection succeeded
5 - Thu Dec 26 13:51:17 2024 - Incomming client connection
6 - Thu Dec 26 13:51:17 2024 - Incomming client connection succeeded
7 - Thu Dec 26 13:51:21 2024 - Incomming client connection
8 - Thu Dec 26 13:51:21 2024 - Incomming client connection succeeded
9 - Thu Dec 26 13:51:23 2024 - Rejecting excess client connection
10 - Thu Dec 26 13:51:23 2024 - Closed excess client socket
11 - Thu Dec 26 13:51:25 2024 - Rejecting excess client connection
12 - Thu Dec 26 13:51:25 2024 - Closed excess client socket
13 - Thu Dec 26 13:51:27 2024 - Rejecting excess client connection
14 - Thu Dec 26 13:51:27 2024 - Closed excess client socket
15 - Thu Dec 26 13:51:27 2024 - Peer has closed connection
16 - Thu Dec 26 13:51:27 2024 - Peer has closed connection
17 - Thu Dec 26 13:51:27 2024 - Peer has closed connection
18 - Thu Dec 26 13:51:27 2024 - Thred recieved exit signal
19 - Thu Dec 26 13:51:27 2024 - Test server is shutting down
0 - Thu Dec 26 13:53:49 2024 - Port and Connections defined
1 - Thu Dec 26 13:53:49 2024 - Test server is started
2 - Thu Dec 26 13:53:49 2024 - Data file opened.
3 - Thu Dec 26 13:53:51 2024 - Incomming client connection
4 - Thu Dec 26 13:53:51 2024 - Incomming client connection succeeded
5 - Thu Dec 26 13:53:52 2024 - Incomming client connection
6 - Thu Dec 26 13:53:52 2024 - Incomming client connection succeeded
7 - Thu Dec 26 13:53:56 2024 - Incomming client connection
8 - Thu Dec 26 13:53:56 2024 - Incomming client connection succeeded
9 - Thu Dec 26 13:53:58 2024 - Rejecting excess client connection
10 - Thu Dec 26 13:53:58 2024 - Closed excess client socket
11 - Thu Dec 26 13:54:00 2024 - Rejecting excess client connection
12 - Thu Dec 26 13:54:00 2024 - Closed excess client socket
13 - Thu Dec 26 13:54:02 2024 - Rejecting excess client connection
14 - Thu Dec 26 13:54:02 2024 - Closed excess client socket
15 - Thu Dec 26 13:54:02 2024 - Peer has closed connection
16 - Thu Dec 26 13:54:02 2024 - Peer has closed connection
17 - Thu Dec 26 13:54:02 2024 - Peer has closed connection
18 - Thu Dec 26 13:54:02 2024 - Thred recieved exit signal
19 - Thu Dec 26 13:54:02 2024 - Test server is shutting down
0 - Thu Dec 26 14:00:54 2024 - Port and Connections defined
1 - Thu Dec 26 14:00:54 2024 - Test server is started
2 - Thu Dec 26 14:00:54 2024 - Data file opened.
3 - Thu Dec 26 14:00:57 2024 - Incomming client connection
4 - Thu Dec 26 14:00:57 2024 - Incomming client connection succeeded
5 - Thu Dec 26 14:00:58 2024 - Incomming client connection
6 - Thu Dec 26 14:00:58 2024 - Incomming client connection succeeded
7 - Thu Dec 26 14:01:02 2024 - Incomming client connection
8 - Thu Dec 26 14:01:02 2024 - Incomming client connection succeeded
9 - Thu Dec 26 14:01:04 2024 - Rejecting excess client connection
10 - Thu Dec 26 14:01:04 2024 - Closed excess client socket
11 - Thu Dec 26 14:01:06 2024 - Rejecting excess client connection
12 - Thu Dec 26 14:01:06 2024 - Closed excess client socket
13 - Thu Dec 26 14:01:08 2024 - Rejecting excess client connection
14 - Thu Dec 26 14:01:08 2024 - Closed excess client socket
16 - Thu Dec 26 14:01:08 2024 - Peer has closed connection
15 - Thu Dec 26 14:01:08 2024 - Peer has closed connection
17 - Thu Dec 26 14:01:08 2024 - Peer has closed connection
18 - Thu Dec 26 14:01:08 2024 - Thred recieved exit signal
19 - Thu Dec 26 14:01:08 2024 - Test server is shutting down
0 - Thu Dec 26 14:03:23 2024 - Port and Connections defined
1 - Thu Dec 26 14:03:23 2024 - Data file opened.
2 - Thu Dec 26 14:03:23 2024 - Test server is started
3 - Thu Dec 26 14:03:25 2024 - Incomming client connection
4 - Thu Dec 26 14:03:25 2024 - Incomming client connection succeeded
5 - Thu Dec 26 14:03:26 2024 - Incomming client connection
6 - Thu Dec 26 14:03:26 2024 - Incomming client connection succeeded
7 - Thu Dec 26 14:03:30 2024 - Incomming client connection
8 - Thu Dec 26 14:03:30 2024 - Incomming client connection succeeded
9 - Thu Dec 26 14:03:32 2024 - Rejecting excess client connection
10 - Thu Dec 26 14:03:33 2024 - Closed excess client socket
11 - Thu Dec 26 14:03:35 2024 - Rejecting excess client connection
12 - Thu Dec 26 14:03:35 2024 - Closed excess client socket
13 - Thu Dec 26 14:03:37 2024 - Rejecting excess client connection
14 - Thu Dec 26 14:03:37 2024 - Closed excess client socket
15 - Thu Dec 26 14:03:37 2024 - Peer has closed connection
16 - Thu Dec 26 14:03:37 2024 - Peer has closed connection
17 - Thu Dec 26 14:03:37 2024 - Peer has closed connection
18 - Thu Dec 26 14:03:37 2024 - Excess client handler terminating
19 - Thu Dec 26 14:03:37 2024 - Thred recieved exit signal
20 - Thu Dec 26 14:03:37 2024 - Test server is shutting down
21 - Thu Dec 26 14:03:37 2024 - DB Closed Successfully
22 - Thu Dec 26 14:03:37 2024 - Waiting for threads to join
0 - Thu Dec 26 14:07:55 2024 - Port and Connections defined
1 - Thu Dec 26 14:07:55 2024 - Test server is started
2 - Thu Dec 26 14:07:55 2024 - Data file opened.
3 - Thu Dec 26 14:07:58 2024 - Incomming client connection
4 - Thu Dec 26 14:07:58 2024 - Incomming client connection succeeded
5 - Thu Dec 26 14:07:59 2024 - Incomming client connection
6 - Thu Dec 26 14:07:59 2024 - Incomming client connection succeeded
7 - Thu Dec 26 14:08:03 2024 - Incomming client connection
8 - Thu Dec 26 14:08:03 2024 - Incomming client connection succeeded
9 - Thu Dec 26 14:08:05 2024 - Rejecting excess client connection
10 - Thu Dec 26 14:08:05 2024 - Closed excess client socket
11 - Thu Dec 26 14:08:07 2024 - Rejecting excess client connection
12 - Thu Dec 26 14:08:07 2024 - Closed excess client socket
13 - Thu Dec 26 14:08:09 2024 - Rejecting excess client connection
14 - Thu Dec 26 14:08:09 2024 - Closed excess client socket
15 - Thu Dec 26 14:08:09 2024 - Peer has closed connection
16 - Thu Dec 26 14:08:09 2024 - Peer has closed connection
17 - Thu Dec 26 14:08:09 2024 - Peer has closed connection
18 - Thu Dec 26 14:08:09 2024 - Thred recieved exit signal
19 - Thu Dec 26 14:08:09 2024 - Test server is shutting down
20 - Thu Dec 26 14:08:09 2024 - Waiting for threads to join
21 - Thu Dec 26 14:08:09 2024 - DB Closed Successfully
0 - Thu Dec 26 14:10:49 2024 - Port and Connections defined
1 - Thu Dec 26 14:10:49 2024 - Waiting for threads to join
2 - Thu Dec 26 14:10:49 2024 - Data file opened.
3 - Thu Dec 26 14:10:49 2024 - Test server is started
4 - Thu Dec 26 14:10:51 2024 - Incomming client connection
5 - Thu Dec 26 14:10:51 2024 - Incomming client connection succeeded
6 - Thu Dec 26 14:10:52 2024 - Incomming client connection
7 - Thu Dec 26 14:10:52 2024 - Incomming client connection succeeded
8 - Thu Dec 26 14:10:56 2024 - Incomming client connection
9 - Thu Dec 26 14:10:56 2024 - Incomming client connection succeeded
10 - Thu Dec 26 14:10:58 2024 - Rejecting excess client connection
11 - Thu Dec 26 14:10:58 2024 - Closed excess client socket
12 - Thu Dec 26 14:11:00 2024 - Rejecting excess client connection
13 - Thu Dec 26 14:11:00 2024 - Closed excess client socket
14 - Thu Dec 26 14:11:02 2024 - Rejecting excess client connection
15 - Thu Dec 26 14:11:02 2024 - Closed excess client socket
17 - Thu Dec 26 14:11:02 2024 - Peer has closed connection
18 - Thu Dec 26 14:11:02 2024 - Peer has closed connection
16 - Thu Dec 26 14:11:02 2024 - Peer has closed connection
19 - Thu Dec 26 14:11:02 2024 - Thred recieved exit signal
20 - Thu Dec 26 14:11:02 2024 - Test server is shutting down
21 - Thu Dec 26 14:11:02 2024 - DB Closed Successfully
22 - Thu Dec 26 14:11:02 2024 - Threads joined
23 - Thu Dec 26 14:11:02 2024 - Data file closed
24 - Thu Dec 26 14:11:02 2024 - ending log process
0 - Thu Dec 26 14:17:03 2024 - Port and Connections defined
1 - Thu Dec 26 14:17:03 2024 - Waiting for threads to join
2 - Thu Dec 26 14:17:03 2024 - Data file opened.
3 - Thu Dec 26 14:17:03 2024 - Test server is started
4 - Thu Dec 26 14:17:05 2024 - Incomming client connection
5 - Thu Dec 26 14:17:05 2024 - Incomming client connection succeeded
6 - Thu Dec 26 14:17:06 2024 - Incomming client connection
7 - Thu Dec 26 14:17:06 2024 - Incomming client connection succeeded
8 - Thu Dec 26 14:17:10 2024 - Incomming client connection
9 - Thu Dec 26 14:17:10 2024 - Incomming client connection succeeded
10 - Thu Dec 26 14:17:12 2024 - Rejecting excess client connection
11 - Thu Dec 26 14:17:12 2024 - Closed excess client socket
12 - Thu Dec 26 14:17:14 2024 - Rejecting excess client connection
13 - Thu Dec 26 14:17:14 2024 - Closed excess client socket
14 - Thu Dec 26 14:17:16 2024 - Rejecting excess client connection
15 - Thu Dec 26 14:17:16 2024 - Closed excess client socket
16 - Thu Dec 26 14:17:16 2024 - Peer has closed connection
17 - Thu Dec 26 14:17:16 2024 - Peer has closed connection
18 - Thu Dec 26 14:17:16 2024 - Peer has closed connection
19 - Thu Dec 26 14:17:16 2024 - Thred recieved exit signal
20 - Thu Dec 26 14:17:16 2024 - Test server is shutting down
21 - Thu Dec 26 14:17:16 2024 - DB Closed Successfully
22 - Thu Dec 26 14:17:16 2024 - Threads joined
23 - Thu Dec 26 14:17:16 2024 - Data file closed
24 - Thu Dec 26 14:17:16 2024 - ending log process
0 - Thu Dec 26 14:18:31 2024 - Port and Connections defined
1 - Thu Dec 26 14:18:32 2024 - Waiting for threads to join
2 - Thu Dec 26 14:18:32 2024 - Data file opened.
3 - Thu Dec 26 14:18:32 2024 - Test server is started
4 - Thu Dec 26 14:18:34 2024 - Incomming client connection
5 - Thu Dec 26 14:18:34 2024 - Incomming client connection succeeded
6 - Thu Dec 26 14:18:35 2024 - Incomming client connection
7 - Thu Dec 26 14:18:35 2024 - Incomming client connection succeeded
8 - Thu Dec 26 14:18:39 2024 - Incomming client connection
9 - Thu Dec 26 14:18:39 2024 - Incomming client connection succeeded
10 - Thu Dec 26 14:18:41 2024 - Rejecting excess client connection
11 - Thu Dec 26 14:18:41 2024 - Closed excess client socket
12 - Thu Dec 26 14:18:43 2024 - Rejecting excess client connection
13 - Thu Dec 26 14:18:43 2024 - Closed excess client socket
14 - Thu Dec 26 14:18:45 2024 - Rejecting excess client connection
15 - Thu Dec 26 14:18:45 2024 - Closed excess client socket
16 - Thu Dec 26 14:18:45 2024 - Peer has closed connection
17 - Thu Dec 26 14:18:45 2024 - Peer has closed connection
18 - Thu Dec 26 14:18:45 2024 - Peer has closed connection
19 - Thu Dec 26 14:18:45 2024 - Thred recieved exit signal
20 - Thu Dec 26 14:18:45 2024 - Test server is shutting down
21 - Thu Dec 26 14:18:45 2024 - DB Closed Successfully
22 - Thu Dec 26 14:18:45 2024 - Threads joined
23 - Thu Dec 26 14:18:45 2024 - Data file closed
24 - Thu Dec 26 14:18:45 2024 - ending log process
